2022-05-12 20:36:53.258  INFO 13176 --- [restartedMain] b.a.AddressBookAppDevelopmentApplication : Starting AddressBookAppDevelopmentApplication using Java 17 on DESKTOP-CHVCRO7 with PID 13176 (C:\Users\NEETA\Development\IdeaProjects\Day6Section3AddressBookAppDevelopment\target\classes started by NEETA in C:\Users\NEETA\Development\IdeaProjects\Day6Section3AddressBookAppDevelopment)
2022-05-12 20:36:53.271 DEBUG 13176 --- [restartedMain] b.a.AddressBookAppDevelopmentApplication : Running with Spring Boot v2.6.7, Spring v5.3.19
2022-05-12 20:36:53.272  INFO 13176 --- [restartedMain] b.a.AddressBookAppDevelopmentApplication : No active profile set, falling back to 1 default profile: "default"
2022-05-12 20:36:54.421  WARN 13176 --- [restartedMain] com.zaxxer.hikari.util.DriverDataSource  : Registered driver with driverClassName=com.mysql.jdbc.Driver was not found, trying direct instantiation.
2022-05-12 20:36:54.906  WARN 13176 --- [restartedMain] JpaBaseConfiguration$JpaWebConfiguration : spring.jpa.open-in-view is enabled by default. Therefore, database queries may be performed during view rendering. Explicitly configure spring.jpa.open-in-view to disable this warning
2022-05-12 20:36:55.054  WARN 13176 --- [restartedMain] ion$DefaultTemplateResolverConfiguration : Cannot find template location: classpath:/templates/ (please add some templates or check your Thymeleaf configuration)
2022-05-12 20:36:55.159  INFO 13176 --- [restartedMain] b.a.AddressBookAppDevelopmentApplication : Started AddressBookAppDevelopmentApplication in 2.197 seconds (JVM running for 2.874)
2022-05-12 20:49:51.952  INFO 12836 --- [restartedMain] b.a.AddressBookAppDevelopmentApplication : Starting AddressBookAppDevelopmentApplication using Java 17 on DESKTOP-CHVCRO7 with PID 12836 (C:\Users\NEETA\Development\IdeaProjects\Day6Section3AddressBookAppDevelopment\target\classes started by NEETA in C:\Users\NEETA\Development\IdeaProjects\Day6Section3AddressBookAppDevelopment)
2022-05-12 20:49:51.953 DEBUG 12836 --- [restartedMain] b.a.AddressBookAppDevelopmentApplication : Running with Spring Boot v2.6.7, Spring v5.3.19
2022-05-12 20:49:51.954  INFO 12836 --- [restartedMain] b.a.AddressBookAppDevelopmentApplication : No active profile set, falling back to 1 default profile: "default"
2022-05-12 20:49:53.096  WARN 12836 --- [restartedMain] com.zaxxer.hikari.util.DriverDataSource  : Registered driver with driverClassName=com.mysql.jdbc.Driver was not found, trying direct instantiation.
2022-05-12 20:49:53.569  WARN 12836 --- [restartedMain] JpaBaseConfiguration$JpaWebConfiguration : spring.jpa.open-in-view is enabled by default. Therefore, database queries may be performed during view rendering. Explicitly configure spring.jpa.open-in-view to disable this warning
2022-05-12 20:49:53.731  WARN 12836 --- [restartedMain] ion$DefaultTemplateResolverConfiguration : Cannot find template location: classpath:/templates/ (please add some templates or check your Thymeleaf configuration)
2022-05-12 20:49:53.825  INFO 12836 --- [restartedMain] b.a.AddressBookAppDevelopmentApplication : Started AddressBookAppDevelopmentApplication in 2.178 seconds (JVM running for 2.757)
2022-05-12 20:49:53.828  INFO 12836 --- [restartedMain] b.a.AddressBookAppDevelopmentApplication : Address Book App Started in null Environment
2022-05-12 20:49:53.829  INFO 12836 --- [restartedMain] b.a.AddressBookAppDevelopmentApplication : Address Book App DB User is root
2022-05-12 20:51:44.788  INFO 13148 --- [restartedMain] b.a.AddressBookAppDevelopmentApplication : Starting AddressBookAppDevelopmentApplication using Java 17 on DESKTOP-CHVCRO7 with PID 13148 (C:\Users\NEETA\Development\IdeaProjects\Day6Section3AddressBookAppDevelopment\target\classes started by NEETA in C:\Users\NEETA\Development\IdeaProjects\Day6Section3AddressBookAppDevelopment)
2022-05-12 20:51:44.790 DEBUG 13148 --- [restartedMain] b.a.AddressBookAppDevelopmentApplication : Running with Spring Boot v2.6.7, Spring v5.3.19
2022-05-12 20:51:44.790  INFO 13148 --- [restartedMain] b.a.AddressBookAppDevelopmentApplication : No active profile set, falling back to 1 default profile: "default"
2022-05-12 20:51:45.966  WARN 13148 --- [restartedMain] com.zaxxer.hikari.util.DriverDataSource  : Registered driver with driverClassName=com.mysql.jdbc.Driver was not found, trying direct instantiation.
2022-05-12 20:51:46.453  WARN 13148 --- [restartedMain] JpaBaseConfiguration$JpaWebConfiguration : spring.jpa.open-in-view is enabled by default. Therefore, database queries may be performed during view rendering. Explicitly configure spring.jpa.open-in-view to disable this warning
2022-05-12 20:51:46.604  WARN 13148 --- [restartedMain] ion$DefaultTemplateResolverConfiguration : Cannot find template location: classpath:/templates/ (please add some templates or check your Thymeleaf configuration)
2022-05-12 20:51:46.706  INFO 13148 --- [restartedMain] b.a.AddressBookAppDevelopmentApplication : Started AddressBookAppDevelopmentApplication in 2.191 seconds (JVM running for 2.793)
2022-05-12 20:51:46.709  INFO 13148 --- [restartedMain] b.a.AddressBookAppDevelopmentApplication : Address Book App Started in null Environment
2022-05-12 20:51:46.710  INFO 13148 --- [restartedMain] b.a.AddressBookAppDevelopmentApplication : Address Book App DB User is root
2022-05-12 20:52:29.000  INFO 4524 --- [restartedMain] b.a.AddressBookAppDevelopmentApplication : Starting AddressBookAppDevelopmentApplication using Java 17 on DESKTOP-CHVCRO7 with PID 4524 (C:\Users\NEETA\Development\IdeaProjects\Day6Section3AddressBookAppDevelopment\target\classes started by NEETA in C:\Users\NEETA\Development\IdeaProjects\Day6Section3AddressBookAppDevelopment)
2022-05-12 20:52:29.002 DEBUG 4524 --- [restartedMain] b.a.AddressBookAppDevelopmentApplication : Running with Spring Boot v2.6.7, Spring v5.3.19
2022-05-12 20:52:29.002  INFO 4524 --- [restartedMain] b.a.AddressBookAppDevelopmentApplication : No active profile set, falling back to 1 default profile: "default"
2022-05-12 20:52:30.171  WARN 4524 --- [restartedMain] com.zaxxer.hikari.util.DriverDataSource  : Registered driver with driverClassName=com.mysql.jdbc.Driver was not found, trying direct instantiation.
2022-05-12 20:52:30.681  WARN 4524 --- [restartedMain] JpaBaseConfiguration$JpaWebConfiguration : spring.jpa.open-in-view is enabled by default. Therefore, database queries may be performed during view rendering. Explicitly configure spring.jpa.open-in-view to disable this warning
2022-05-12 20:52:30.867  WARN 4524 --- [restartedMain] ion$DefaultTemplateResolverConfiguration : Cannot find template location: classpath:/templates/ (please add some templates or check your Thymeleaf configuration)
2022-05-12 20:52:30.967  INFO 4524 --- [restartedMain] b.a.AddressBookAppDevelopmentApplication : Started AddressBookAppDevelopmentApplication in 2.257 seconds (JVM running for 2.873)
2022-05-12 20:52:30.969  INFO 4524 --- [restartedMain] b.a.AddressBookAppDevelopmentApplication : Address Book App Started in null Environment
2022-05-12 20:52:30.970  INFO 4524 --- [restartedMain] b.a.AddressBookAppDevelopmentApplication : Address Book App DB User is root
2022-05-12 20:58:43.890  INFO 10676 --- [restartedMain] b.a.AddressBookAppDevelopmentApplication : Starting AddressBookAppDevelopmentApplication using Java 17 on DESKTOP-CHVCRO7 with PID 10676 (C:\Users\NEETA\Development\IdeaProjects\Day6Section3AddressBookAppDevelopment\target\classes started by NEETA in C:\Users\NEETA\Development\IdeaProjects\Day6Section3AddressBookAppDevelopment)
2022-05-12 20:58:43.892 DEBUG 10676 --- [restartedMain] b.a.AddressBookAppDevelopmentApplication : Running with Spring Boot v2.6.7, Spring v5.3.19
2022-05-12 20:58:43.894  INFO 10676 --- [restartedMain] b.a.AddressBookAppDevelopmentApplication : The following 1 profile is active: "dev"
2022-05-12 20:58:45.035  WARN 10676 --- [restartedMain] ConfigServletWebServerApplicationContext : Exception encountered during context initialization - cancelling refresh attempt: org.springframework.beans.factory.UnsatisfiedDependencyException: Error creating bean with name 'dataSourceScriptDatabaseInitializer' defined in class path resource [org/springframework/boot/autoconfigure/sql/init/DataSourceInitializationConfiguration.class]: Unsatisfied dependency expressed through method 'dataSourceScriptDatabaseInitializer' parameter 0; nested exception is org.springframework.beans.factory.BeanCreationException: Error creating bean with name 'dataSource' defined in class path resource [org/springframework/boot/autoconfigure/jdbc/DataSourceConfiguration$Hikari.class]: Bean instantiation via factory method failed; nested exception is org.springframework.beans.BeanInstantiationException: Failed to instantiate [com.zaxxer.hikari.HikariDataSource]: Factory method 'dataSource' threw exception; nested exception is org.springframework.boot.autoconfigure.jdbc.DataSourceProperties$DataSourceBeanCreationException: Failed to determine suitable jdbc url
2022-05-12 20:58:45.101 ERROR 10676 --- [restartedMain] o.s.b.d.LoggingFailureAnalysisReporter   : 

***************************
APPLICATION FAILED TO START
***************************

Description:

Failed to configure a DataSource: 'url' attribute is not specified and no embedded datasource could be configured.

Reason: Failed to determine suitable jdbc url


Action:

Consider the following:
	If you want an embedded database (H2, HSQL or Derby), please put it on the classpath.
	If you have database settings to be loaded from a particular profile you may need to activate it (the profiles dev are currently active).

2022-05-12 20:59:03.692  INFO 3748 --- [restartedMain] b.a.AddressBookAppDevelopmentApplication : Starting AddressBookAppDevelopmentApplication using Java 17 on DESKTOP-CHVCRO7 with PID 3748 (C:\Users\NEETA\Development\IdeaProjects\Day6Section3AddressBookAppDevelopment\target\classes started by NEETA in C:\Users\NEETA\Development\IdeaProjects\Day6Section3AddressBookAppDevelopment)
2022-05-12 20:59:03.693 DEBUG 3748 --- [restartedMain] b.a.AddressBookAppDevelopmentApplication : Running with Spring Boot v2.6.7, Spring v5.3.19
2022-05-12 20:59:03.694  INFO 3748 --- [restartedMain] b.a.AddressBookAppDevelopmentApplication : The following 1 profile is active: "dev"
2022-05-12 20:59:04.966  WARN 3748 --- [restartedMain] com.zaxxer.hikari.util.DriverDataSource  : Registered driver with driverClassName=com.mysql.jdbc.Driver was not found, trying direct instantiation.
2022-05-12 20:59:05.314  WARN 3748 --- [restartedMain] JpaBaseConfiguration$JpaWebConfiguration : spring.jpa.open-in-view is enabled by default. Therefore, database queries may be performed during view rendering. Explicitly configure spring.jpa.open-in-view to disable this warning
2022-05-12 20:59:05.496  WARN 3748 --- [restartedMain] ion$DefaultTemplateResolverConfiguration : Cannot find template location: classpath:/templates/ (please add some templates or check your Thymeleaf configuration)
2022-05-12 20:59:05.594  INFO 3748 --- [restartedMain] b.a.AddressBookAppDevelopmentApplication : Started AddressBookAppDevelopmentApplication in 2.18 seconds (JVM running for 2.72)
2022-05-12 20:59:05.597  INFO 3748 --- [restartedMain] b.a.AddressBookAppDevelopmentApplication : Address Book App Started in DEV Environment
2022-05-12 20:59:05.597  INFO 3748 --- [restartedMain] b.a.AddressBookAppDevelopmentApplication : Address Book App DB User is root
